Arguments: 
  C:\Program Files\nodejs\node.exe C:\Users\Main\AppData\Roaming\npm\node_modules\yarn\bin\yarn.js add webpack -D --verbose

PATH: 
  C:\Users\Main\bin;C:\Program Files\Git\mingw64\bin;C:\Program Files\Git\usr\local\bin;C:\Program Files\Git\usr\bin;C:\Program Files\Git\usr\bin;C:\Program Files\Git\mingw64\bin;C:\Program Files\Git\usr\bin;C:\Users\Main\bin;C:\Program Files (x86)\Common Files\Oracle\Java\javapath;C:\Program Files (x86)\NVIDIA Corporation\PhysX\Common;C:\ProgramData\Oracle\Java\javapath;C:\Program Files (x86)\Python35-32\Scripts;C:\Program Files (x86)\Python35-32;C:\Windows\system32;C:\Windows;C:\Windows\System32\Wbem;C:\Windows\System32\WindowsPowerShell\v1.0;C:\Program Files (x86)\ATI Technologies\ATI.ACE\Core-Static;C:\Program Files\Common Files\Autodesk Shared;C:\ProgramData\ComposerSetup\bin;C:\Program Files\nodejs;C:\Program Files (x86)\Common Files\Acronis\VirtualFile;C:\Program Files (x86)\Common Files\Acronis\VirtualFile64;C:\Program Files (x86)\Common Files\Acronis\SnapAPI;C:\Program Files\Git\cmd;C:\Program Files\dotnet;C:\Program Files\Microsoft SQL Server\130\Tools\Binn;C:\Program Files\Microsoft SQL Server\Client SDK\ODBC\170\Tools\Binn;C:\Program Files (x86)\WinSCP;C:\Microsoft VS Code\bin;C:\Users\Main\AppData\Roaming\Composer\vendor\bin;C:\OSPanel\modules\php\PHP_7.2-x64;C:\Users\Main\AppData\Roaming\npm;C:\Program Files\JetBrains\PhpStorm 2020.1\bin;C:\Users\Main\.dotnet\tools;C:\Program Files\Git\usr\bin\vendor_perl;C:\Program Files\Git\usr\bin\core_perl

Yarn version: 
  1.22.5

Node version: 
  12.16.1

Platform: 
  win32 x64

Trace: 
  Error: https://npm.pkg.github.com/varsptz/webpack: could not retrieve user by token
      at Request.params.callback [as _callback] (C:\Users\Main\AppData\Roaming\npm\node_modules\yarn\lib\cli.js:66988:18)
      at Request.self.callback (C:\Users\Main\AppData\Roaming\npm\node_modules\yarn\lib\cli.js:140662:22)
      at Request.emit (events.js:311:20)
      at Request.<anonymous> (C:\Users\Main\AppData\Roaming\npm\node_modules\yarn\lib\cli.js:141634:10)
      at Request.emit (events.js:311:20)
      at IncomingMessage.<anonymous> (C:\Users\Main\AppData\Roaming\npm\node_modules\yarn\lib\cli.js:141556:12)
      at Object.onceWrapper (events.js:417:28)
      at IncomingMessage.emit (events.js:323:22)
      at endReadableNT (_stream_readable.js:1204:12)
      at processTicksAndRejections (internal/process/task_queues.js:84:21)

npm manifest: 
  {
    "name": "ahj-homework-yarn",
    "version": "1.0.0",
    "main": "index.js",
    "repository": "https://github.com/VarsPtz/ahj-homeworks-yarn.git",
    "author": "Alexandr Varygin <otz-job@mail.ru>",
    "license": "MIT"
  }

yarn manifest: 
  No manifest

Lockfile: 
  # THIS IS AN AUTOGENERATED FILE. DO NOT EDIT THIS FILE DIRECTLY.
  # yarn lockfile v1
